TN:
SF:src/components/TaskForm.jsx
FN:3,TaskForm
FN:6,(anonymous_1)
FN:14,(anonymous_2)
FNF:3
FNH:3
FNDA:3,TaskForm
FNDA:1,(anonymous_1)
FNDA:1,(anonymous_2)
DA:4,3
DA:6,3
DA:7,1
DA:8,1
DA:9,1
DA:12,3
DA:14,1
LF:7
LH:7
BRF:0
BRH:0
end_of_record
TN:
SF:src/components/TaskItem.jsx
FN:3,TaskItem
FN:4,(anonymous_1)
FN:5,(anonymous_2)
FNF:3
FNH:3
FNDA:4,TaskItem
FNDA:1,(anonymous_1)
FNDA:1,(anonymous_2)
DA:4,4
DA:5,4
DA:7,4
LF:3
LH:3
BRDA:23,0,0,1
BRDA:23,0,1,3
BRDA:28,1,0,1
BRDA:28,1,1,3
BRF:4
BRH:4
end_of_record
